[debug] [2022-09-23T06:35:46.598Z] ----------------------------------------------------------------------
[debug] [2022-09-23T06:35:46.600Z] Command:       C:\Program Files\nodejs\node.exe C:\Users\ducat\AppData\Roaming\npm\node_modules\firebase-tools\lib\bin\firebase.js init
[debug] [2022-09-23T06:35:46.600Z] CLI Version:   11.9.0
[debug] [2022-09-23T06:35:46.601Z] Platform:      win32
[debug] [2022-09-23T06:35:46.601Z] Node Version:  v16.17.0
[debug] [2022-09-23T06:35:46.601Z] Time:          Fri Sep 23 2022 12:05:46 GMT+0530 (India Standard Time)
[debug] [2022-09-23T06:35:46.601Z] ----------------------------------------------------------------------
[debug] 
[debug] [2022-09-23T06:35:46.608Z] > command requires scopes: ["email","openid","https://www.googleapis.com/auth/cloudplatformprojects.readonly","https://www.googleapis.com/auth/firebase","https://www.googleapis.com/auth/cloud-platform"]
[debug] [2022-09-23T06:35:46.609Z] > authorizing via signed-in user (ducatimonster729@gmail.com)
[info] 
     ######## #### ########  ######## ########     ###     ######  ########
     ##        ##  ##     ## ##       ##     ##  ##   ##  ##       ##
     ######    ##  ########  ######   ########  #########  ######  ######
     ##        ##  ##    ##  ##       ##     ## ##     ##       ## ##
     ##       #### ##     ## ######## ########  ##     ##  ######  ########

You're about to initialize a Firebase project in this directory:

  C:\Users\ducat\OneDrive\Desktop\pdfs\shoping website\shoping-website

[info] 
=== Project Setup
[info] 
[info] First, let's associate this project directory with a Firebase project.
[info] You can create multiple project aliases by running firebase use --add, 
[info] but for now we'll just set up a default project.
[info] 
[debug] [2022-09-23T06:36:11.332Z] >>> [apiv2][query] GET https://firebase.googleapis.com/v1beta1/projects pageSize=100
[debug] [2022-09-23T06:36:12.774Z] <<< [apiv2][status] GET https://firebase.googleapis.com/v1beta1/projects 200
[debug] [2022-09-23T06:36:12.774Z] <<< [apiv2][body] GET https://firebase.googleapis.com/v1beta1/projects [omitted]
[info] i  Using project mykart-4caa5 (mykart) 
[info] 
=== Hosting Setup
[info] 
[info] Your public directory is the folder (relative to your project directory) that
[info] will contain Hosting assets to be uploaded with firebase deploy. If you
[info] have a build process for your assets, use your build's output directory.
[info] 
[debug] [2022-09-23T06:36:51.166Z] >>> [apiv2][query] GET https://www.gstatic.com/firebasejs/releases.json [none]
[debug] [2022-09-23T06:36:51.731Z] <<< [apiv2][status] GET https://www.gstatic.com/firebasejs/releases.json 200
[debug] [2022-09-23T06:36:51.731Z] <<< [apiv2][body] GET https://www.gstatic.com/firebasejs/releases.json {"current":{"version":"9.10.0","browserURL":"https://www.gstatic.com/firebasejs/9.10.0/firebase.js","packageURL":"https://www.gstatic.com/firebasejs/9.10.0/firebase.tgz"},"live":{"version":"9.10","browserURL":"https://www.gstatic.com/firebasejs/live/9.10/firebase.js","packageURL":"https://www.gstatic.com/firebasejs/live/9.10/firebase.tgz"},"components":{"analytics":"https://www.gstatic.com/firebasejs/9.10.0/firebase-analytics.js","app":"https://www.gstatic.com/firebasejs/9.10.0/firebase-app.js","app-check":"https://www.gstatic.com/firebasejs/9.10.0/firebase-app-check.js","auth":"https://www.gstatic.com/firebasejs/9.10.0/firebase-auth.js","auth/cordova":"https://www.gstatic.com/firebasejs/9.10.0/firebase-auth/cordova.js","auth/react-native":"https://www.gstatic.com/firebasejs/9.10.0/firebase-auth/react-native.js","functions":"https://www.gstatic.com/firebasejs/9.10.0/firebase-functions.js","firestore":"https://www.gstatic.com/firebasejs/9.10.0/firebase-firestore.js","firestore/lite":"https://www.gstatic.com/firebasejs/9.10.0/firebase-firestore/lite.js","installations":"https://www.gstatic.com/firebasejs/9.10.0/firebase-installations.js","storage":"https://www.gstatic.com/firebasejs/9.10.0/firebase-storage.js","performance":"https://www.gstatic.com/firebasejs/9.10.0/firebase-performance.js","remote-config":"https://www.gstatic.com/firebasejs/9.10.0/firebase-remote-config.js","messaging":"https://www.gstatic.com/firebasejs/9.10.0/firebase-messaging.js","messaging/sw":"https://www.gstatic.com/firebasejs/9.10.0/firebase-messaging/sw.js","database":"https://www.gstatic.com/firebasejs/9.10.0/firebase-database.js","firestore.memory":"https://www.gstatic.com/firebasejs/9.10.0/firebase-firestore.memory.js"}}
[info] +  Wrote build/index.html 
[info] 
[info] i  Detected a .git folder at C:\Users\ducat\OneDrive\Desktop\pdfs\shoping website\shoping-website 
[info] i  Authorizing with GitHub to upload your service account to a GitHub repository's secrets store. 
[info] 
[info] Visit this URL on this device to log in:
[info] https://github.com/login/oauth/authorize?client_id=89cf50f02ac6aaed3484&state=995433187&redirect_uri=http%3A%2F%2Flocalhost%3A9005&scope=read%3Auser%20repo%20public_repo
[info] 
[info] Waiting for authentication...
[debug] [2022-09-23T06:37:01.237Z] >>> [apiv2][query] POST https://github.com/login/oauth/access_token [none]
[debug] [2022-09-23T06:37:01.237Z] >>> [apiv2][body] POST https://github.com/login/oauth/access_token [stream]
[debug] [2022-09-23T06:37:01.903Z] <<< [apiv2][status] POST https://github.com/login/oauth/access_token 200
[debug] [2022-09-23T06:37:01.903Z] <<< [apiv2][body] POST https://github.com/login/oauth/access_token {"access_token":"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","token_type":"bearer","scope":"read:user,repo"}
[debug] [2022-09-23T06:37:01.923Z] >>> [apiv2][query] GET https://api.github.com/user [none]
[debug] [2022-09-23T06:37:02.599Z] <<< [apiv2][status] GET https://api.github.com/user 200
[debug] [2022-09-23T06:37:02.599Z] <<< [apiv2][body] GET https://api.github.com/user {"login":"9826245781","id":74402961,"node_id":"MDQ6VXNlcjc0NDAyOTYx","avatar_url":"https://avatars.githubusercontent.com/u/74402961?v=4","gravatar_id":"","url":"https://api.github.com/users/9826245781","html_url":"https://github.com/9826245781","followers_url":"https://api.github.com/users/9826245781/followers","following_url":"https://api.github.com/users/9826245781/following{/other_user}","gists_url":"https://api.github.com/users/9826245781/gists{/gist_id}","starred_url":"https://api.github.com/users/9826245781/starred{/owner}{/repo}","subscriptions_url":"https://api.github.com/users/9826245781/subscriptions","organizations_url":"https://api.github.com/users/9826245781/orgs","repos_url":"https://api.github.com/users/9826245781/repos","events_url":"https://api.github.com/users/9826245781/events{/privacy}","received_events_url":"https://api.github.com/users/9826245781/received_events","type":"User","site_admin":false,"name":"Yuvraj Singh","company":null,"blog":"","location":null,"email":null,"hireable":null,"bio":null,"twitter_username":null,"public_repos":1,"public_gists":0,"followers":0,"following":0,"created_at":"2020-11-13T08:45:39Z","updated_at":"2022-09-23T06:36:57Z","private_gists":0,"total_private_repos":3,"owned_private_repos":3,"disk_usage":44983,"collaborators":0,"two_factor_authentication":false,"plan":{"name":"free","space":976562499,"collaborators":0,"private_repos":10000}}
[info] 
[info] +  Success! Logged into GitHub as 9826245781 
[info] 
[debug] [2022-09-23T06:38:58.050Z] >>> [apiv2][query] GET https://api.github.com/repos/user/actions/secrets/public-key type=owner
[debug] [2022-09-23T06:38:58.520Z] <<< [apiv2][status] GET https://api.github.com/repos/user/actions/secrets/public-key 404
[debug] [2022-09-23T06:38:58.520Z] <<< [apiv2][body] GET https://api.github.com/repos/user/actions/secrets/public-key {"message":"Not Found","documentation_url":"https://docs.github.com/rest"}
[debug] [2022-09-23T06:39:01.580Z] >>> [apiv2][query] GET https://api.github.com/repos/user/actions/secrets/public-key type=owner
[debug] [2022-09-23T06:39:02.046Z] <<< [apiv2][status] GET https://api.github.com/repos/user/actions/secrets/public-key 404
[debug] [2022-09-23T06:39:02.046Z] <<< [apiv2][body] GET https://api.github.com/repos/user/actions/secrets/public-key {"message":"Not Found","documentation_url":"https://docs.github.com/rest"}
[debug] [2022-09-23T06:39:07.309Z] >>> [apiv2][query] GET https://api.github.com/repos//actions/secrets/public-key type=owner
[debug] [2022-09-23T06:39:07.795Z] <<< [apiv2][status] GET https://api.github.com/repos//actions/secrets/public-key 404
[debug] [2022-09-23T06:39:07.795Z] <<< [apiv2][body] GET https://api.github.com/repos//actions/secrets/public-key {"message":"Not Found","documentation_url":"https://docs.github.com/rest"}
[debug] [2022-09-23T06:39:10.051Z] >>> [apiv2][query] GET https://api.github.com/repos/user/actions/secrets/public-key type=owner
[debug] [2022-09-23T06:39:10.540Z] <<< [apiv2][status] GET https://api.github.com/repos/user/actions/secrets/public-key 404
[debug] [2022-09-23T06:39:10.540Z] <<< [apiv2][body] GET https://api.github.com/repos/user/actions/secrets/public-key {"message":"Not Found","documentation_url":"https://docs.github.com/rest"}
